<?xml version="1.0" encoding="UTF-8"?>
<testng-results ignored="0" total="2" passed="2" failed="0" skipped="0">
  <reporter-output>
  </reporter-output>
  <suite started-at="2024-06-03T22:35:18 IST" name="Suite" finished-at="2024-06-03T22:36:17 IST" duration-ms="59353">
    <groups>
    </groups>
    <test started-at="2024-06-03T22:35:18 IST" name="Test" finished-at="2024-06-03T22:36:17 IST" duration-ms="59353">
      <class name="luma_testcase_baseclass.Datadriven_Test">
        <test-method is-config="true" signature="openApp()[pri:0, instance:luma_testcase_baseclass.Datadriven_Test@19932c16]" started-at="2024-06-03T22:35:18 IST" name="openApp" finished-at="2024-06-03T22:36:09 IST" duration-ms="51406" status="PASS">
          <reporter-output>
          </reporter-output>
        </test-method> <!-- openApp -->
        <test-method signature="dataDrivenTest(java.lang.String,java.lang.String)[pri:0, instance:luma_testcase_baseclass.Datadriven_Test@19932c16]" started-at="2024-06-03T22:36:13 IST" name="dataDrivenTest" data-provider="sample1122" finished-at="2024-06-03T22:36:17 IST" duration-ms="3619" status="PASS">
          <params>
            <param index="0">
              <value>
                <![CDATA[shaikmas@gamil.com]]>
              </value>
            </param>
            <param index="1">
              <value>
                <![CDATA[fgdg@12455]]>
              </value>
            </param>
          </params>
          <reporter-output>
          </reporter-output>
        </test-method> <!-- dataDrivenTest -->
        <test-method signature="dataDrivenTest(java.lang.String,java.lang.String)[pri:0, instance:luma_testcase_baseclass.Datadriven_Test@19932c16]" started-at="2024-06-03T22:36:17 IST" name="dataDrivenTest" data-provider="sample1122" finished-at="2024-06-03T22:36:17 IST" duration-ms="272" status="PASS">
          <params>
            <param index="0">
              <value>
                <![CDATA[shaikmastani7333@gmail.com]]>
              </value>
            </param>
            <param index="1">
              <value>
                <![CDATA[Shannu@7333]]>
              </value>
            </param>
          </params>
          <reporter-output>
          </reporter-output>
        </test-method> <!-- dataDrivenTest -->
      </class> <!-- luma_testcase_baseclass.Datadriven_Test -->
    </test> <!-- Test -->
  </suite> <!-- Suite -->
</testng-results>
