<?xml version="1.0" encoding="UTF-8"?>
<testng-results ignored="0" total="1" passed="1" failed="0" skipped="0">
  <reporter-output>
  </reporter-output>
  <suite started-at="2024-06-11T03:52:52 IST" name="Suite" finished-at="2024-06-11T03:53:18 IST" duration-ms="25570">
    <groups>
    </groups>
    <test started-at="2024-06-11T03:52:52 IST" name="Test" finished-at="2024-06-11T03:53:18 IST" duration-ms="25570">
      <class name="cyclos_testcase.LoginClass">
        <test-method is-config="true" signature="openApp()[pri:0, instance:cyclos_testcase.LoginClass@2dfaea86]" started-at="2024-06-11T03:52:52 IST" name="openApp" finished-at="2024-06-11T03:53:14 IST" duration-ms="21489" status="PASS">
          <reporter-output>
          </reporter-output>
        </test-method> <!-- openApp -->
        <test-method signature="loginstep()[pri:0, instance:cyclos_testcase.LoginClass@2dfaea86]" started-at="2024-06-11T03:53:14 IST" name="loginstep" finished-at="2024-06-11T03:53:18 IST" duration-ms="4017" status="PASS">
          <reporter-output>
          </reporter-output>
        </test-method> <!-- loginstep -->
      </class> <!-- cyclos_testcase.LoginClass -->
    </test> <!-- Test -->
  </suite> <!-- Suite -->
</testng-results>
